<?xml version="1.0" encoding="UTF-8"?>
<!-- Generated by org.testng.reporters.JUnitXMLReporter -->
<testsuite ignored="0" hostname="LAPTOP-6R08M2A3" failures="0" tests="5" name="Facebbok TestCases" time="33.776" errors="0" timestamp="27 Nov 2021 04:48:36 GMT">
  <testcase classname="com.qa.facebookTest.LoginPageTest" name="ValidatePageTitleTest" time="0.023"/>
  <testcase classname="com.qa.facebookTest.HomePageTest" name="VerifyUserNameLabelTest" time="4.836"/>
  <testcase classname="com.qa.facebookTest.LoginPageTest" name="ValidateLogoTest" time="0.049"/>
  <testcase classname="com.qa.facebookTest.HomePageTest" name="VerifyFriendsLinkTest" time="4.491"/>
  <testcase classname="com.qa.facebookTest.LoginPageTest" name="ValidateLoginTest" time="0.258"/>
</testsuite> <!-- Facebbok TestCases -->
