<?xml version="1.0" encoding="UTF-8"?>
<!-- Generated by org.testng.reporters.JUnitXMLReporter -->
<testsuite hostname="LAPTOP-6R08M2A3" ignored="0" name="Command line test" tests="5" failures="0" timestamp="27 Nov 2021 13:03:03 GMT" time="37.772" errors="0">
  <testcase name="VerifyUserNameLabelTest" time="6.109" classname="com.qa.facebookTest.HomePageTest"/>
  <testcase name="ValidatePageTitleTest" time="0.007" classname="com.qa.facebookTest.LoginPageTest"/>
  <testcase name="VerifyFriendsLinkTest" time="4.35" classname="com.qa.facebookTest.HomePageTest"/>
  <testcase name="ValidateLogoTest" time="0.084" classname="com.qa.facebookTest.LoginPageTest"/>
  <testcase name="ValidateLoginTest" time="0.504" classname="com.qa.facebookTest.LoginPageTest"/>
</testsuite> <!-- Command line test -->
